src/components/common/ClinicalStudiesSection.tsx(408,36): error TS2339: Property 'code' does not exist on type 'StudyCatalog'.
src/components/common/ClinicalStudiesSection.tsx(409,42): error TS2339: Property 'code' does not exist on type 'StudyCatalog'.
src/components/common/DiagnosisSection.tsx(295,15): error TS2769: No overload matches this call.
  Overload 1 of 2, '(props: { component: ElementType<any, keyof IntrinsicElements>; } & GridBaseProps & { sx?: SxProps<Theme>; } & SystemProps<Theme> & Omit<...>): Element', gave the following error.
    Property 'component' is missing in type '{ children: Element; item: true; xs: number; sm: number; md: number; key: string; }' but required in type '{ component: ElementType<any, keyof IntrinsicElements>; }'.
  Overload 2 of 2, '(props: DefaultComponentProps<GridTypeMap<{}, "div">>): Element', gave the following error.
    Type '{ children: Element; item: true; xs: number; sm: number; md: number; key: string; }' is not assignable to type 'IntrinsicAttributes & GridBaseProps & { sx?: SxProps<Theme>; } & SystemProps<Theme> & Omit<DetailedHTMLProps<HTMLAttributes<HTMLDivElement>, HTMLDivElement>, StandardSystemKeys | ... 1 more ... | keyof GridBaseProps>'.
      Property 'item' does not exist on type 'IntrinsicAttributes & GridBaseProps & { sx?: SxProps<Theme>; } & SystemProps<Theme> & Omit<DetailedHTMLProps<HTMLAttributes<HTMLDivElement>, HTMLDivElement>, StandardSystemKeys | ... 1 more ... | keyof GridBaseProps>'.
src/components/common/PrescriptionsSection.tsx(180,54): error TS2339: Property 'name' does not exist on type 'string | Medication'.
  Property 'name' does not exist on type 'string'.
src/components/common/PrescriptionsSection.tsx(307,13): error TS2769: No overload matches this call.
  Overload 1 of 2, '(props: { component: ElementType<any, keyof IntrinsicElements>; } & GridBaseProps & { sx?: SxProps<Theme>; } & SystemProps<Theme> & Omit<...>): Element', gave the following error.
    Property 'component' is missing in type '{ children: Element; item: true; xs: number; md: number; key: number; }' but required in type '{ component: ElementType<any, keyof IntrinsicElements>; }'.
  Overload 2 of 2, '(props: DefaultComponentProps<GridTypeMap<{}, "div">>): Element', gave the following error.
    Type '{ children: Element; item: true; xs: number; md: number; key: number; }' is not assignable to type 'IntrinsicAttributes & GridBaseProps & { sx?: SxProps<Theme>; } & SystemProps<Theme> & Omit<DetailedHTMLProps<HTMLAttributes<HTMLDivElement>, HTMLDivElement>, StandardSystemKeys | ... 1 more ... | keyof GridBaseProps>'.
      Property 'item' does not exist on type 'IntrinsicAttributes & GridBaseProps & { sx?: SxProps<Theme>; } & SystemProps<Theme> & Omit<DetailedHTMLProps<HTMLAttributes<HTMLDivElement>, HTMLDivElement>, StandardSystemKeys | ... 1 more ... | keyof GridBaseProps>'.
src/components/common/PrescriptionsSection.tsx(329,23): error TS2769: No overload matches this call.
  Overload 1 of 2, '(props: { component: ElementType<any, keyof IntrinsicElements>; } & GridBaseProps & { sx?: SxProps<Theme>; } & SystemProps<Theme> & Omit<...>): Element', gave the following error.
    Property 'component' is missing in type '{ children: Element[]; item: true; xs: number; sm: number; }' but required in type '{ component: ElementType<any, keyof IntrinsicElements>; }'.
  Overload 2 of 2, '(props: DefaultComponentProps<GridTypeMap<{}, "div">>): Element', gave the following error.
    Type '{ children: Element[]; item: true; xs: number; sm: number; }' is not assignable to type 'IntrinsicAttributes & GridBaseProps & { sx?: SxProps<Theme>; } & SystemProps<Theme> & Omit<DetailedHTMLProps<HTMLAttributes<HTMLDivElement>, HTMLDivElement>, StandardSystemKeys | ... 1 more ... | keyof GridBaseProps>'.
      Property 'item' does not exist on type 'IntrinsicAttributes & GridBaseProps & { sx?: SxProps<Theme>; } & SystemProps<Theme> & Omit<DetailedHTMLProps<HTMLAttributes<HTMLDivElement>, HTMLDivElement>, StandardSystemKeys | ... 1 more ... | keyof GridBaseProps>'.
src/components/common/PrescriptionsSection.tsx(337,23): error TS2769: No overload matches this call.
  Overload 1 of 2, '(props: { component: ElementType<any, keyof IntrinsicElements>; } & GridBaseProps & { sx?: SxProps<Theme>; } & SystemProps<Theme> & Omit<...>): Element', gave the following error.
    Property 'component' is missing in type '{ children: Element[]; item: true; xs: number; sm: number; }' but required in type '{ component: ElementType<any, keyof IntrinsicElements>; }'.
  Overload 2 of 2, '(props: DefaultComponentProps<GridTypeMap<{}, "div">>): Element', gave the following error.
    Type '{ children: Element[]; item: true; xs: number; sm: number; }' is not assignable to type 'IntrinsicAttributes & GridBaseProps & { sx?: SxProps<Theme>; } & SystemProps<Theme> & Omit<DetailedHTMLProps<HTMLAttributes<HTMLDivElement>, HTMLDivElement>, StandardSystemKeys | ... 1 more ... | keyof GridBaseProps>'.
      Property 'item' does not exist on type 'IntrinsicAttributes & GridBaseProps & { sx?: SxProps<Theme>; } & SystemProps<Theme> & Omit<DetailedHTMLProps<HTMLAttributes<HTMLDivElement>, HTMLDivElement>, StandardSystemKeys | ... 1 more ... | keyof GridBaseProps>'.
src/components/common/PrescriptionsSection.tsx(345,23): error TS2769: No overload matches this call.
  Overload 1 of 2, '(props: { component: ElementType<any, keyof IntrinsicElements>; } & GridBaseProps & { sx?: SxProps<Theme>; } & SystemProps<Theme> & Omit<...>): Element', gave the following error.
    Property 'component' is missing in type '{ children: Element[]; item: true; xs: number; sm: number; }' but required in type '{ component: ElementType<any, keyof IntrinsicElements>; }'.
  Overload 2 of 2, '(props: DefaultComponentProps<GridTypeMap<{}, "div">>): Element', gave the following error.
    Type '{ children: Element[]; item: true; xs: number; sm: number; }' is not assignable to type 'IntrinsicAttributes & GridBaseProps & { sx?: SxProps<Theme>; } & SystemProps<Theme> & Omit<DetailedHTMLProps<HTMLAttributes<HTMLDivElement>, HTMLDivElement>, StandardSystemKeys | ... 1 more ... | keyof GridBaseProps>'.
      Property 'item' does not exist on type 'IntrinsicAttributes & GridBaseProps & { sx?: SxProps<Theme>; } & SystemProps<Theme> & Omit<DetailedHTMLProps<HTMLAttributes<HTMLDivElement>, HTMLDivElement>, StandardSystemKeys | ... 1 more ... | keyof GridBaseProps>'.
src/components/common/PrescriptionsSection.tsx(361,27): error TS2769: No overload matches this call.
  Overload 1 of 2, '(props: { component: ElementType<any, keyof IntrinsicElements>; } & GridBaseProps & { sx?: SxProps<Theme>; } & SystemProps<Theme> & Omit<...>): Element', gave the following error.
    Property 'component' is missing in type '{ children: Element[]; item: true; xs: number; }' but required in type '{ component: ElementType<any, keyof IntrinsicElements>; }'.
  Overload 2 of 2, '(props: DefaultComponentProps<GridTypeMap<{}, "div">>): Element', gave the following error.
    Type '{ children: Element[]; item: true; xs: number; }' is not assignable to type 'IntrinsicAttributes & GridBaseProps & { sx?: SxProps<Theme>; } & SystemProps<Theme> & Omit<DetailedHTMLProps<HTMLAttributes<HTMLDivElement>, HTMLDivElement>, StandardSystemKeys | ... 1 more ... | keyof GridBaseProps>'.
      Property 'item' does not exist on type 'IntrinsicAttributes & GridBaseProps & { sx?: SxProps<Theme>; } & SystemProps<Theme> & Omit<DetailedHTMLProps<HTMLAttributes<HTMLDivElement>, HTMLDivElement>, StandardSystemKeys | ... 1 more ... | keyof GridBaseProps>'.
src/components/common/PrescriptionsSection.tsx(374,27): error TS2769: No overload matches this call.
  Overload 1 of 2, '(props: { component: ElementType<any, keyof IntrinsicElements>; } & GridBaseProps & { sx?: SxProps<Theme>; } & SystemProps<Theme> & Omit<...>): Element', gave the following error.
    Property 'component' is missing in type '{ children: Element[]; item: true; xs: number; }' but required in type '{ component: ElementType<any, keyof IntrinsicElements>; }'.
  Overload 2 of 2, '(props: DefaultComponentProps<GridTypeMap<{}, "div">>): Element', gave the following error.
    Type '{ children: Element[]; item: true; xs: number; }' is not assignable to type 'IntrinsicAttributes & GridBaseProps & { sx?: SxProps<Theme>; } & SystemProps<Theme> & Omit<DetailedHTMLProps<HTMLAttributes<HTMLDivElement>, HTMLDivElement>, StandardSystemKeys | ... 1 more ... | keyof GridBaseProps>'.
      Property 'item' does not exist on type 'IntrinsicAttributes & GridBaseProps & { sx?: SxProps<Theme>; } & SystemProps<Theme> & Omit<DetailedHTMLProps<HTMLAttributes<HTMLDivElement>, HTMLDivElement>, StandardSystemKeys | ... 1 more ... | keyof GridBaseProps>'.
src/components/common/PrintMedicalOrderButton.tsx(39,40): error TS1323: Dynamic imports are only supported when the '--module' flag is set to 'es2020', 'es2022', 'esnext', 'commonjs', 'amd', 'system', 'umd', 'node16', or 'nodenext'.
src/components/common/PrintPrescriptionButton.tsx(39,40): error TS1323: Dynamic imports are only supported when the '--module' flag is set to 'es2020', 'es2022', 'esnext', 'commonjs', 'amd', 'system', 'umd', 'node16', or 'nodenext'.
src/components/common/ScheduleAppointmentSection.tsx(240,71): error TS2339: Property 'id' does not exist on type 'User'.
src/components/common/ScheduleAppointmentSection.tsx(270,42): error TS2551: Property 'appointment_type_name' does not exist on type 'Appointment'. Did you mean 'appointment_type_rel'?
src/components/common/ScheduleAppointmentSection.tsx(340,13): error TS2769: No overload matches this call.
  Overload 1 of 2, '(props: { component: ElementType<any, keyof IntrinsicElements>; } & GridBaseProps & { sx?: SxProps<Theme>; } & SystemProps<Theme> & Omit<...>): Element', gave the following error.
    Property 'component' is missing in type '{ children: Element; item: true; xs: number; sm: number; md: number; }' but required in type '{ component: ElementType<any, keyof IntrinsicElements>; }'.
  Overload 2 of 2, '(props: DefaultComponentProps<GridTypeMap<{}, "div">>): Element', gave the following error.
    Type '{ children: Element; item: true; xs: number; sm: number; md: number; }' is not assignable to type 'IntrinsicAttributes & GridBaseProps & { sx?: SxProps<Theme>; } & SystemProps<Theme> & Omit<DetailedHTMLProps<HTMLAttributes<HTMLDivElement>, HTMLDivElement>, StandardSystemKeys | ... 1 more ... | keyof GridBaseProps>'.
      Property 'item' does not exist on type 'IntrinsicAttributes & GridBaseProps & { sx?: SxProps<Theme>; } & SystemProps<Theme> & Omit<DetailedHTMLProps<HTMLAttributes<HTMLDivElement>, HTMLDivElement>, StandardSystemKeys | ... 1 more ... | keyof GridBaseProps>'.
src/components/common/ScheduleAppointmentSection.tsx(355,13): error TS2769: No overload matches this call.
  Overload 1 of 2, '(props: { component: ElementType<any, keyof IntrinsicElements>; } & GridBaseProps & { sx?: SxProps<Theme>; } & SystemProps<Theme> & Omit<...>): Element', gave the following error.
    Property 'component' is missing in type '{ children: Element; item: true; xs: number; sm: number; md: number; sx: { flexGrow: number; minWidth: { xs: string; sm: number; md: number; }; }; }' but required in type '{ component: ElementType<any, keyof IntrinsicElements>; }'.
  Overload 2 of 2, '(props: DefaultComponentProps<GridTypeMap<{}, "div">>): Element', gave the following error.
    Type '{ children: Element; item: true; xs: number; sm: number; md: number; sx: { flexGrow: number; minWidth: { xs: string; sm: number; md: number; }; }; }' is not assignable to type 'IntrinsicAttributes & GridBaseProps & { sx?: SxProps<Theme>; } & SystemProps<Theme> & Omit<DetailedHTMLProps<HTMLAttributes<HTMLDivElement>, HTMLDivElement>, StandardSystemKeys | ... 1 more ... | keyof GridBaseProps>'.
      Property 'item' does not exist on type 'IntrinsicAttributes & GridBaseProps & { sx?: SxProps<Theme>; } & SystemProps<Theme> & Omit<DetailedHTMLProps<HTMLAttributes<HTMLDivElement>, HTMLDivElement>, StandardSystemKeys | ... 1 more ... | keyof GridBaseProps>'.
src/components/common/ScheduleAppointmentSection.tsx(390,13): error TS2769: No overload matches this call.
  Overload 1 of 2, '(props: { component: ElementType<any, keyof IntrinsicElements>; } & GridBaseProps & { sx?: SxProps<Theme>; } & SystemProps<Theme> & Omit<...>): Element', gave the following error.
    Property 'component' is missing in type '{ children: Element; item: true; xs: number; sm: number; md: number; sx: { minWidth: { xs: string; sm: number; md: number; }; }; }' but required in type '{ component: ElementType<any, keyof IntrinsicElements>; }'.
  Overload 2 of 2, '(props: DefaultComponentProps<GridTypeMap<{}, "div">>): Element', gave the following error.
    Type '{ children: Element; item: true; xs: number; sm: number; md: number; sx: { minWidth: { xs: string; sm: number; md: number; }; }; }' is not assignable to type 'IntrinsicAttributes & GridBaseProps & { sx?: SxProps<Theme>; } & SystemProps<Theme> & Omit<DetailedHTMLProps<HTMLAttributes<HTMLDivElement>, HTMLDivElement>, StandardSystemKeys | ... 1 more ... | keyof GridBaseProps>'.
      Property 'item' does not exist on type 'IntrinsicAttributes & GridBaseProps & { sx?: SxProps<Theme>; } & SystemProps<Theme> & Omit<DetailedHTMLProps<HTMLAttributes<HTMLDivElement>, HTMLDivElement>, StandardSystemKeys | ... 1 more ... | keyof GridBaseProps>'.
src/components/common/ScheduleAppointmentSection.tsx(414,15): error TS2769: No overload matches this call.
  Overload 1 of 2, '(props: { component: ElementType<any, keyof IntrinsicElements>; } & GridBaseProps & { sx?: SxProps<Theme>; } & SystemProps<Theme> & Omit<...>): Element', gave the following error.
    Property 'component' is missing in type '{ children: Element; item: true; xs: number; sm: number; md: number; sx: { minWidth: { xs: string; sm: number; md: number; }; }; }' but required in type '{ component: ElementType<any, keyof IntrinsicElements>; }'.
  Overload 2 of 2, '(props: DefaultComponentProps<GridTypeMap<{}, "div">>): Element', gave the following error.
    Type '{ children: Element; item: true; xs: number; sm: number; md: number; sx: { minWidth: { xs: string; sm: number; md: number; }; }; }' is not assignable to type 'IntrinsicAttributes & GridBaseProps & { sx?: SxProps<Theme>; } & SystemProps<Theme> & Omit<DetailedHTMLProps<HTMLAttributes<HTMLDivElement>, HTMLDivElement>, StandardSystemKeys | ... 1 more ... | keyof GridBaseProps>'.
      Property 'item' does not exist on type 'IntrinsicAttributes & GridBaseProps & { sx?: SxProps<Theme>; } & SystemProps<Theme> & Omit<DetailedHTMLProps<HTMLAttributes<HTMLDivElement>, HTMLDivElement>, StandardSystemKeys | ... 1 more ... | keyof GridBaseProps>'.
src/components/common/ScheduleAppointmentSection.tsx(440,15): error TS2769: No overload matches this call.
  Overload 1 of 2, '(props: { component: ElementType<any, keyof IntrinsicElements>; } & GridBaseProps & { sx?: SxProps<Theme>; } & SystemProps<Theme> & Omit<...>): Element', gave the following error.
    Property 'component' is missing in type '{ children: Element; item: true; xs: number; }' but required in type '{ component: ElementType<any, keyof IntrinsicElements>; }'.
  Overload 2 of 2, '(props: DefaultComponentProps<GridTypeMap<{}, "div">>): Element', gave the following error.
    Type '{ children: Element; item: true; xs: number; }' is not assignable to type 'IntrinsicAttributes & GridBaseProps & { sx?: SxProps<Theme>; } & SystemProps<Theme> & Omit<DetailedHTMLProps<HTMLAttributes<HTMLDivElement>, HTMLDivElement>, StandardSystemKeys | ... 1 more ... | keyof GridBaseProps>'.
      Property 'item' does not exist on type 'IntrinsicAttributes & GridBaseProps & { sx?: SxProps<Theme>; } & SystemProps<Theme> & Omit<DetailedHTMLProps<HTMLAttributes<HTMLDivElement>, HTMLDivElement>, StandardSystemKeys | ... 1 more ... | keyof GridBaseProps>'.
src/components/common/ScheduleAppointmentSection.tsx(475,15): error TS2769: No overload matches this call.
  Overload 1 of 2, '(props: { component: ElementType<any, keyof IntrinsicElements>; } & GridBaseProps & { sx?: SxProps<Theme>; } & SystemProps<Theme> & Omit<...>): Element', gave the following error.
    Property 'component' is missing in type '{ children: Element; item: true; xs: number; }' but required in type '{ component: ElementType<any, keyof IntrinsicElements>; }'.
  Overload 2 of 2, '(props: DefaultComponentProps<GridTypeMap<{}, "div">>): Element', gave the following error.
    Type '{ children: Element; item: true; xs: number; }' is not assignable to type 'IntrinsicAttributes & GridBaseProps & { sx?: SxProps<Theme>; } & SystemProps<Theme> & Omit<DetailedHTMLProps<HTMLAttributes<HTMLDivElement>, HTMLDivElement>, StandardSystemKeys | ... 1 more ... | keyof GridBaseProps>'.
      Property 'item' does not exist on type 'IntrinsicAttributes & GridBaseProps & { sx?: SxProps<Theme>; } & SystemProps<Theme> & Omit<DetailedHTMLProps<HTMLAttributes<HTMLDivElement>, HTMLDivElement>, StandardSystemKeys | ... 1 more ... | keyof GridBaseProps>'.
src/components/common/VitalSignsSection.tsx(310,13): error TS2769: No overload matches this call.
  Overload 1 of 2, '(props: { component: ElementType<any, keyof IntrinsicElements>; } & GridBaseProps & { sx?: SxProps<Theme>; } & SystemProps<Theme> & Omit<...>): Element', gave the following error.
    Property 'component' is missing in type '{ children: Element; item: true; xs: number; sm: number; md: number; lg: number; key: string; }' but required in type '{ component: ElementType<any, keyof IntrinsicElements>; }'.
  Overload 2 of 2, '(props: DefaultComponentProps<GridTypeMap<{}, "div">>): Element', gave the following error.
    Type '{ children: Element; item: true; xs: number; sm: number; md: number; lg: number; key: string; }' is not assignable to type 'IntrinsicAttributes & GridBaseProps & { sx?: SxProps<Theme>; } & SystemProps<Theme> & Omit<DetailedHTMLProps<HTMLAttributes<HTMLDivElement>, HTMLDivElement>, StandardSystemKeys | ... 1 more ... | keyof GridBaseProps>'.
      Property 'item' does not exist on type 'IntrinsicAttributes & GridBaseProps & { sx?: SxProps<Theme>; } & SystemProps<Theme> & Omit<DetailedHTMLProps<HTMLAttributes<HTMLDivElement>, HTMLDivElement>, StandardSystemKeys | ... 1 more ... | keyof GridBaseProps>'.
src/components/dialogs/ConsultationDialog.tsx(199,62): error TS2339: Property 'id' does not exist on type 'PatientFormData'.
src/components/dialogs/ConsultationDialog.tsx(420,65): error TS2345: Argument of type 'string | number' is not assignable to parameter of type 'string'.
  Type 'number' is not assignable to type 'string'.
src/components/dialogs/ConsultationDialog/PrivacyConsentStatusSection.tsx(112,39): error TS2339: Property 'consent_given' does not exist on type 'PrivacyConsent'.
src/components/views/VitalSignsEvolutionView.tsx(580,57): error TS2554: Expected 1-2 arguments, but got 3.
src/contexts/AuthContext.tsx(109,36): error TS2339: Property 'name' does not exist on type '{ id: number; email: string; person_type: string; title: string; first_name: string; paternal_surname: string; maternal_surname: string; }'.
src/contexts/AuthContext.tsx(109,54): error TS2339: Property 'full_name' does not exist on type '{ id: number; email: string; person_type: string; title: string; first_name: string; paternal_surname: string; maternal_surname: string; }'.
src/contexts/AuthContext.tsx(117,9): error TS2322: Type '{ id: string; full_name: string; name: any; title: string; first_name: string; paternal_surname: string; maternal_surname: string; email: string; specialty: string; professional_license: string; person_type: string; }' is not assignable to type 'DoctorInfo'.
  Object literal may only specify known properties, and 'name' does not exist in type 'DoctorInfo'.
src/contexts/AuthContext.tsx(117,25): error TS2339: Property 'name' does not exist on type '{ id: number; email: string; person_type: string; title: string; first_name: string; paternal_surname: string; maternal_surname: string; }'.
src/contexts/AuthContext.tsx(117,43): error TS2339: Property 'full_name' does not exist on type '{ id: number; email: string; person_type: string; title: string; first_name: string; paternal_surname: string; maternal_surname: string; }'.
src/contexts/AuthContext.tsx(142,30): error TS2339: Property 'specialty' does not exist on type '{ id: number; email: string; person_type: string; title: string; first_name: string; paternal_surname: string; maternal_surname: string; }'.
src/contexts/AuthContext.tsx(144,25): error TS2339: Property 'name' does not exist on type '{ id: number; email: string; person_type: string; title: string; first_name: string; paternal_surname: string; maternal_surname: string; }'.
src/contexts/AuthContext.tsx(144,43): error TS2339: Property 'full_name' does not exist on type '{ id: number; email: string; person_type: string; title: string; first_name: string; paternal_surname: string; maternal_surname: string; }'.
src/hooks/usePDFGenerator.ts(130,42): error TS2339: Property 'type' does not exist on type 'CertificateInfo'.
src/hooks/usePrivacyConsent.ts(101,20): error TS2339: Property 'consent' does not exist on type 'AxiosResponse<any, any, {}>'.
src/hooks/usePrivacyConsent.ts(102,29): error TS2339: Property 'consent' does not exist on type 'AxiosResponse<any, any, {}>'.
src/hooks/usePrivacyConsent.ts(181,39): error TS2339: Property 'consent_given' does not exist on type 'PrivacyConsent'.
src/hooks/usePrivacyConsent.ts(187,37): error TS2339: Property 'consent_given' does not exist on type 'PrivacyConsent'.
src/hooks/usePrivacyConsent.ts(284,5): error TS2322: Type '(patientId: number, patientPhone: string) => Promise<AxiosResponse<any, any, {}>>' is not assignable to type '(patientId: number, patientPhone: string) => Promise<void>'.
  Type 'Promise<AxiosResponse<any, any, {}>>' is not assignable to type 'Promise<void>'.
    Type 'AxiosResponse<any, any, {}>' is not assignable to type 'void'.
src/hooks/usePrivacyConsent.ts(285,5): error TS2322: Type '(patientId: number, reason: string) => Promise<AxiosResponse<any, any, {}>>' is not assignable to type '(patientId: number, reason: string) => Promise<void>'.
  Type 'Promise<AxiosResponse<any, any, {}>>' is not assignable to type 'Promise<void>'.
src/hooks/useStudyCatalog.ts(220,13): error TS2339: Property 'specialty' does not exist on type 'StudyCatalog'.
src/services/api.ts(22,15): error TS2724: '"../hooks/useConsultationForm"' has no exported member named 'ConsultationFormData'. Did you mean 'useConsultationForm'?
src/services/api.ts(102,143): error TS2554: Expected 1 arguments, but got 2.
src/services/pdfService.ts(85,44): error TS1323: Dynamic imports are only supported when the '--module' flag is set to 'es2020', 'es2022', 'esnext', 'commonjs', 'amd', 'system', 'umd', 'node16', or 'nodenext'.
src/services/pdfService.ts(116,44): error TS1323: Dynamic imports are only supported when the '--module' flag is set to 'es2020', 'es2022', 'esnext', 'commonjs', 'amd', 'system', 'umd', 'node16', or 'nodenext'.
src/services/pdfService.ts(145,44): error TS1323: Dynamic imports are only supported when the '--module' flag is set to 'es2020', 'es2022', 'esnext', 'commonjs', 'amd', 'system', 'umd', 'node16', or 'nodenext'.
